2017-06-04 13:49:50 [main] ERROR CoordinatesReader  line:29 - File's not found: 
java.nio.file.NoSuchFileException: src\main\jva\by\kooks\files\source_file.txt
	at sun.nio.fs.WindowsException.translateToIOException(WindowsException.java:79) ~[?:1.7.0_79]
	at sun.nio.fs.WindowsException.rethrowAsIOException(WindowsException.java:97) ~[?:1.7.0_79]
	at sun.nio.fs.WindowsException.rethrowAsIOException(WindowsException.java:102) ~[?:1.7.0_79]
	at sun.nio.fs.WindowsFileSystemProvider.newByteChannel(WindowsFileSystemProvider.java:230) ~[?:1.7.0_79]
	at java.nio.file.Files.newByteChannel(Files.java:317) ~[?:1.7.0_79]
	at java.nio.file.Files.newByteChannel(Files.java:363) ~[?:1.7.0_79]
	at java.nio.file.spi.FileSystemProvider.newInputStream(FileSystemProvider.java:380) ~[?:1.7.0_79]
	at java.nio.file.Files.newInputStream(Files.java:108) ~[?:1.7.0_79]
	at java.nio.file.Files.newBufferedReader(Files.java:2677) ~[?:1.7.0_79]
	at java.nio.file.Files.readAllLines(Files.java:3033) ~[?:1.7.0_79]
	at CoordinatesReader.readFromFile(CoordinatesReader.java:19) [classes/:?]
	at Main.main(Main.java:9) [classes/:?]
2017-06-04 14:04:15 [main] ERROR CoordinatesReader  line:31 - File searching failure: 
java.nio.file.NoSuchFileException: src\main\jva\by\kooks\files\source_file.txt
	at sun.nio.fs.WindowsException.translateToIOException(WindowsException.java:79) ~[?:1.7.0_79]
	at sun.nio.fs.WindowsException.rethrowAsIOException(WindowsException.java:97) ~[?:1.7.0_79]
	at sun.nio.fs.WindowsException.rethrowAsIOException(WindowsException.java:102) ~[?:1.7.0_79]
	at sun.nio.fs.WindowsFileSystemProvider.newByteChannel(WindowsFileSystemProvider.java:230) ~[?:1.7.0_79]
	at java.nio.file.Files.newByteChannel(Files.java:317) ~[?:1.7.0_79]
	at java.nio.file.Files.newByteChannel(Files.java:363) ~[?:1.7.0_79]
	at java.nio.file.spi.FileSystemProvider.newInputStream(FileSystemProvider.java:380) ~[?:1.7.0_79]
	at java.nio.file.Files.newInputStream(Files.java:108) ~[?:1.7.0_79]
	at java.nio.file.Files.newBufferedReader(Files.java:2677) ~[?:1.7.0_79]
	at java.nio.file.Files.readAllLines(Files.java:3033) ~[?:1.7.0_79]
	at CoordinatesReader.readFromFile(CoordinatesReader.java:20) [classes/:?]
	at Main.main(Main.java:9) [classes/:?]
2017-06-04 14:06:20 [main] INFO  CoordinatesReader  line:28 - Readed 12 points  
	 [3.55454646, -6.7, 12.0, 6.0, 12.0, 10.0, 14.0, 7.0, 3.0, -3.0, 9.0, 5.0]
2017-06-04 14:06:20 [main] INFO  TriangleCreator  line:16 - 1 triangle(s) 've been created from points
2017-06-04 14:06:20 [main] INFO  TriangleCreator  line:16 - 2 triangle(s) 've been created from points
2017-06-04 14:06:20 [main] INFO  TriangleParameters  line:12 - Triangle's parameters: square = 14.00000000000003, perimeter = 30.251233554453012
2017-06-04 14:06:20 [main] INFO  TriangleParameters  line:12 - Triangle's parameters: square = 14.00000000000003, perimeter = 30.251233554453012
2017-06-04 21:25:11 [main] INFO  CoordinatesReader  line:27 - Readed 12 points  
	 [3.55454646, -6.7, 12.0, 6.0, 12.0, 10.0, 14.0, 7.0, 3.0, -3.0, 9.0, 5.0]
2017-06-04 21:25:11 [main] INFO  TriangleCreator  line:15 - 1 triangle(s) 've been created from points
2017-06-04 21:25:11 [main] INFO  TriangleCreator  line:15 - 2 triangle(s) 've been created from points
2017-06-04 21:25:11 [main] INFO  TriangleParameters  line:12 - Triangle's parameters: square = 14.00000000000003, perimeter = 30.251233554453012
2017-06-04 21:25:11 [main] INFO  TriangleParameters  line:12 - Triangle's parameters: square = 14.00000000000003, perimeter = 30.251233554453012
2017-06-04 22:27:00 [main] INFO  CoordinatesReader  line:27 - Readed 12 points  
	 [3.55454646, -6.7, 12.0, 6.0, 12.0, 10.0, 14.0, 7.0, 3.0, -3.0, 9.0, 5.0]
2017-06-04 22:27:00 [main] INFO  TriangleCreator  line:15 - 1 triangle(s) 've been created from points
2017-06-04 22:27:00 [main] INFO  TriangleCreator  line:15 - 2 triangle(s) 've been created from points
2017-06-04 22:27:00 [main] INFO  TriangleParameters  line:12 - Triangle's parameters: square = 14.00000000000003, perimeter = 30.251233554453012
2017-06-04 22:27:00 [main] INFO  TriangleParameters  line:12 - Triangle's parameters: square = 14.00000000000003, perimeter = 30.251233554453012
2017-06-04 22:45:13 [main] INFO  CoordinatesReader  line:27 - Readed 12 points  
	 [3.55454646, -6.7, 12.0, 6.0, 12.0, 10.0, 14.0, 7.0, 3.0, -3.0, 9.0, 5.0]
2017-06-04 22:45:13 [main] INFO  TriangleCreator  line:15 - 1 triangle(s) 've been created from points
2017-06-04 22:45:13 [main] INFO  TriangleCreator  line:15 - 2 triangle(s) 've been created from points
2017-06-04 22:45:13 [main] INFO  TriangleParameters  line:12 - Triangle's parameters: square = 14.00000000000003, perimeter = 30.251233554453012
2017-06-04 22:45:13 [main] INFO  TriangleParameters  line:12 - Triangle's parameters: square = 14.00000000000003, perimeter = 30.251233554453012
